<?xml version="1.0" encoding="UTF-8"?>
<!-- Generated by org.testng.reporters.JUnitReportReporter -->
<testsuite hostname="WEGHG250102-IRY" failures="0" tests="1" name="testcases.SignupTestCases" time="0.000" errors="0" timestamp="2020-06-13T22:11:21 EET" skipped="1">
  <testcase classname="testcases.SignupTestCases" name="UserCanRegisterSuccssfully" time="0.000">
    <skipped/>
  </testcase> <!-- UserCanRegisterSuccssfully -->
  <system-out/>
</testsuite> <!-- testcases.SignupTestCases -->
