<?xml version="1.0" encoding="UTF-8"?>
<!-- Generated by org.testng.reporters.JUnitReportReporter -->
<testsuite hostname="WEGHG250102-IRY" failures="0" tests="7" name="MyPackage.Login" time="160.597" errors="0" timestamp="2020-06-12T21:25:26 EET" skipped="0">
  <testcase classname="MyPackage.Login" name="demoClass" time="26.047"/>
  <system-out/>
  <testcase classname="MyPackage.Login" name="demoClass" time="21.339"/>
  <system-out/>
  <testcase classname="MyPackage.Login" name="demoClass" time="24.276"/>
  <system-out/>
  <testcase classname="MyPackage.Login" name="demoClass" time="24.331"/>
  <system-out/>
  <testcase classname="MyPackage.Login" name="demoClass" time="19.481"/>
  <system-out/>
  <testcase classname="MyPackage.Login" name="demoClass" time="20.382"/>
  <system-out/>
  <testcase classname="MyPackage.Login" name="demoClass" time="24.741"/>
  <system-out/>
</testsuite> <!-- MyPackage.Login -->
